{"/Users/Matt/Work/js-query-string/jasmine-runner.js":{"path":"/Users/Matt/Work/js-query-string/jasmine-runner.js","s":{"1":1,"2":1,"3":1,"4":1,"5":1,"6":1,"7":1,"8":1},"b":{},"f":{"1":19},"fnMap":{"1":{"name":"(anonymous_1)","line":3,"loc":{"start":{"line":3,"column":11},"end":{"line":3,"column":22}}}},"statementMap":{"1":{"start":{"line":1,"column":0},"end":{"line":1,"column":33}},"2":{"start":{"line":2,"column":0},"end":{"line":2,"column":52}},"3":{"start":{"line":3,"column":0},"end":{"line":3,"column":25}},"4":{"start":{"line":5,"column":0},"end":{"line":5,"column":28}},"5":{"start":{"line":6,"column":0},"end":{"line":6,"column":48}},"6":{"start":{"line":7,"column":0},"end":{"line":7,"column":75}},"7":{"start":{"line":8,"column":0},"end":{"line":8,"column":25}},"8":{"start":{"line":9,"column":0},"end":{"line":9,"column":18}}},"branchMap":{}},"/Users/Matt/Work/js-query-string/spec/js-query-string-spec.js":{"path":"/Users/Matt/Work/js-query-string/spec/js-query-string-spec.js","s":{"1":1,"2":1,"3":1,"4":1,"5":1,"6":1,"7":1,"8":1,"9":1,"10":1,"11":1,"12":1,"13":1,"14":1,"15":1,"16":1,"17":1,"18":1,"19":1,"20":1},"b":{},"f":{"1":1,"2":1,"3":1,"4":1,"5":1,"6":1,"7":1},"fnMap":{"1":{"name":"(anonymous_1)","line":3,"loc":{"start":{"line":3,"column":35},"end":{"line":3,"column":47}}},"2":{"name":"(anonymous_2)","line":5,"loc":{"start":{"line":5,"column":45},"end":{"line":5,"column":57}}},"3":{"name":"(anonymous_3)","line":13,"loc":{"start":{"line":13,"column":33},"end":{"line":13,"column":45}}},"4":{"name":"(anonymous_4)","line":22,"loc":{"start":{"line":22,"column":34},"end":{"line":22,"column":46}}},"5":{"name":"(anonymous_5)","line":30,"loc":{"start":{"line":30,"column":32},"end":{"line":30,"column":44}}},"6":{"name":"(anonymous_6)","line":38,"loc":{"start":{"line":38,"column":33},"end":{"line":38,"column":45}}},"7":{"name":"(anonymous_7)","line":52,"loc":{"start":{"line":52,"column":32},"end":{"line":52,"column":44}}}},"statementMap":{"1":{"start":{"line":1,"column":0},"end":{"line":1,"column":41}},"2":{"start":{"line":3,"column":0},"end":{"line":60,"column":3}},"3":{"start":{"line":5,"column":2},"end":{"line":11,"column":5}},"4":{"start":{"line":6,"column":4},"end":{"line":9,"column":6}},"5":{"start":{"line":10,"column":4},"end":{"line":10,"column":80}},"6":{"start":{"line":13,"column":2},"end":{"line":20,"column":5}},"7":{"start":{"line":14,"column":4},"end":{"line":18,"column":6}},"8":{"start":{"line":19,"column":4},"end":{"line":19,"column":83}},"9":{"start":{"line":22,"column":2},"end":{"line":28,"column":5}},"10":{"start":{"line":23,"column":4},"end":{"line":26,"column":6}},"11":{"start":{"line":27,"column":4},"end":{"line":27,"column":73}},"12":{"start":{"line":30,"column":2},"end":{"line":36,"column":5}},"13":{"start":{"line":31,"column":4},"end":{"line":34,"column":6}},"14":{"start":{"line":35,"column":4},"end":{"line":35,"column":106}},"15":{"start":{"line":38,"column":2},"end":{"line":50,"column":5}},"16":{"start":{"line":39,"column":4},"end":{"line":48,"column":6}},"17":{"start":{"line":49,"column":4},"end":{"line":49,"column":146}},"18":{"start":{"line":52,"column":2},"end":{"line":58,"column":5}},"19":{"start":{"line":53,"column":4},"end":{"line":56,"column":6}},"20":{"start":{"line":57,"column":4},"end":{"line":57,"column":87}}},"branchMap":{}},"/Users/Matt/Work/js-query-string/lib/index.js":{"path":"/Users/Matt/Work/js-query-string/lib/index.js","s":{"1":1,"2":18,"3":0,"4":1,"5":12,"6":9,"7":6,"8":9,"9":9,"10":9,"11":19,"12":19,"13":19,"14":1,"15":1,"16":18,"17":3,"18":15,"19":2,"20":13,"21":4,"22":9,"23":2,"24":7,"25":4,"26":3,"27":1,"28":1,"29":2,"30":2,"31":19,"32":15,"33":15,"34":9,"35":3,"36":3,"37":3,"38":9,"39":9,"40":9,"41":9,"42":3,"43":9},"b":{"1":[1,0],"2":[1,1],"3":[0,0],"4":[0,0,0],"5":[9,3],"6":[0,12],"7":[6,3],"8":[1,18],"9":[1,0],"10":[3,15],"11":[2,13],"12":[4,9],"13":[2,7],"14":[4,3],"15":[1,6],"16":[1,2],"17":[1,0],"18":[2,0],"19":[15,4],"20":[1,8],"21":[3,0]},"f":{"1":18,"2":0,"3":12,"4":19,"5":9,"6":9,"7":3},"fnMap":{"1":{"name":"(anonymous_1)","line":3,"loc":{"start":{"line":3,"column":84},"end":{"line":3,"column":99}}},"2":{"name":"(anonymous_2)","line":3,"loc":{"start":{"line":3,"column":124},"end":{"line":3,"column":139}}},"3":{"name":"convert","line":11,"loc":{"start":{"line":11,"column":11},"end":{"line":11,"column":43}}},"4":{"name":"(anonymous_4)","line":18,"loc":{"start":{"line":18,"column":28},"end":{"line":18,"column":49}}},"5":{"name":"_merge_options","line":58,"loc":{"start":{"line":58,"column":18},"end":{"line":58,"column":54}}},"6":{"name":"(anonymous_6)","line":60,"loc":{"start":{"line":60,"column":26},"end":{"line":60,"column":46}}},"7":{"name":"(anonymous_7)","line":63,"loc":{"start":{"line":63,"column":26},"end":{"line":63,"column":46}}}},"statementMap":{"1":{"start":{"line":3,"column":0},"end":{"line":3,"column":241}},"2":{"start":{"line":3,"column":101},"end":{"line":3,"column":119}},"3":{"start":{"line":3,"column":141},"end":{"line":3,"column":238}},"4":{"start":{"line":5,"column":0},"end":{"line":68,"column":2}},"5":{"start":{"line":12,"column":4},"end":{"line":55,"column":5}},"6":{"start":{"line":13,"column":6},"end":{"line":15,"column":7}},"7":{"start":{"line":14,"column":8},"end":{"line":14,"column":21}},"8":{"start":{"line":16,"column":6},"end":{"line":16,"column":61}},"9":{"start":{"line":17,"column":6},"end":{"line":17,"column":23}},"10":{"start":{"line":18,"column":6},"end":{"line":48,"column":9}},"11":{"start":{"line":19,"column":8},"end":{"line":19,"column":41}},"12":{"start":{"line":20,"column":8},"end":{"line":20,"column":42}},"13":{"start":{"line":21,"column":8},"end":{"line":43,"column":9}},"14":{"start":{"line":22,"column":10},"end":{"line":24,"column":11}},"15":{"start":{"line":23,"column":12},"end":{"line":23,"column":71}},"16":{"start":{"line":25,"column":15},"end":{"line":43,"column":9}},"17":{"start":{"line":26,"column":10},"end":{"line":26,"column":55}},"18":{"start":{"line":27,"column":15},"end":{"line":43,"column":9}},"19":{"start":{"line":28,"column":10},"end":{"line":28,"column":55}},"20":{"start":{"line":29,"column":15},"end":{"line":43,"column":9}},"21":{"start":{"line":30,"column":10},"end":{"line":30,"column":44}},"22":{"start":{"line":31,"column":15},"end":{"line":43,"column":9}},"23":{"start":{"line":32,"column":10},"end":{"line":32,"column":55}},"24":{"start":{"line":33,"column":15},"end":{"line":43,"column":9}},"25":{"start":{"line":34,"column":10},"end":{"line":34,"column":60}},"26":{"start":{"line":35,"column":15},"end":{"line":43,"column":9}},"27":{"start":{"line":36,"column":10},"end":{"line":38,"column":11}},"28":{"start":{"line":37,"column":12},"end":{"line":37,"column":76}},"29":{"start":{"line":40,"column":10},"end":{"line":42,"column":11}},"30":{"start":{"line":41,"column":12},"end":{"line":41,"column":85}},"31":{"start":{"line":44,"column":8},"end":{"line":47,"column":9}},"32":{"start":{"line":45,"column":10},"end":{"line":45,"column":88}},"33":{"start":{"line":46,"column":10},"end":{"line":46,"column":27}},"34":{"start":{"line":49,"column":6},"end":{"line":49,"column":74}},"35":{"start":{"line":51,"column":6},"end":{"line":54,"column":7}},"36":{"start":{"line":52,"column":8},"end":{"line":52,"column":73}},"37":{"start":{"line":53,"column":8},"end":{"line":53,"column":18}},"38":{"start":{"line":59,"column":4},"end":{"line":59,"column":18}},"39":{"start":{"line":60,"column":4},"end":{"line":62,"column":7}},"40":{"start":{"line":61,"column":6},"end":{"line":61,"column":38}},"41":{"start":{"line":63,"column":4},"end":{"line":65,"column":7}},"42":{"start":{"line":64,"column":6},"end":{"line":64,"column":38}},"43":{"start":{"line":66,"column":4},"end":{"line":66,"column":16}}},"branchMap":{"1":{"line":3,"type":"cond-expr","locations":[{"start":{"line":3,"column":84},"end":{"line":3,"column":121}},{"start":{"line":3,"column":124},"end":{"line":3,"column":240}}]},"2":{"line":3,"type":"binary-expr","locations":[{"start":{"line":3,"column":14},"end":{"line":3,"column":42}},{"start":{"line":3,"column":46},"end":{"line":3,"column":81}}]},"3":{"line":3,"type":"cond-expr","locations":[{"start":{"line":3,"column":216},"end":{"line":3,"column":224}},{"start":{"line":3,"column":227},"end":{"line":3,"column":237}}]},"4":{"line":3,"type":"binary-expr","locations":[{"start":{"line":3,"column":148},"end":{"line":3,"column":151}},{"start":{"line":3,"column":155},"end":{"line":3,"column":183}},{"start":{"line":3,"column":187},"end":{"line":3,"column":213}}]},"5":{"line":12,"type":"if","locations":[{"start":{"line":12,"column":4},"end":{"line":12,"column":4}},{"start":{"line":12,"column":4},"end":{"line":12,"column":4}}]},"6":{"line":12,"type":"cond-expr","locations":[{"start":{"line":12,"column":39},"end":{"line":12,"column":50}},{"start":{"line":12,"column":53},"end":{"line":12,"column":66}}]},"7":{"line":13,"type":"if","locations":[{"start":{"line":13,"column":6},"end":{"line":13,"column":6}},{"start":{"line":13,"column":6},"end":{"line":13,"column":6}}]},"8":{"line":21,"type":"if","locations":[{"start":{"line":21,"column":8},"end":{"line":21,"column":8}},{"start":{"line":21,"column":8},"end":{"line":21,"column":8}}]},"9":{"line":22,"type":"if","locations":[{"start":{"line":22,"column":10},"end":{"line":22,"column":10}},{"start":{"line":22,"column":10},"end":{"line":22,"column":10}}]},"10":{"line":25,"type":"if","locations":[{"start":{"line":25,"column":15},"end":{"line":25,"column":15}},{"start":{"line":25,"column":15},"end":{"line":25,"column":15}}]},"11":{"line":27,"type":"if","locations":[{"start":{"line":27,"column":15},"end":{"line":27,"column":15}},{"start":{"line":27,"column":15},"end":{"line":27,"column":15}}]},"12":{"line":29,"type":"if","locations":[{"start":{"line":29,"column":15},"end":{"line":29,"column":15}},{"start":{"line":29,"column":15},"end":{"line":29,"column":15}}]},"13":{"line":31,"type":"if","locations":[{"start":{"line":31,"column":15},"end":{"line":31,"column":15}},{"start":{"line":31,"column":15},"end":{"line":31,"column":15}}]},"14":{"line":33,"type":"if","locations":[{"start":{"line":33,"column":15},"end":{"line":33,"column":15}},{"start":{"line":33,"column":15},"end":{"line":33,"column":15}}]},"15":{"line":33,"type":"cond-expr","locations":[{"start":{"line":33,"column":56},"end":{"line":33,"column":67}},{"start":{"line":33,"column":70},"end":{"line":33,"column":89}}]},"16":{"line":35,"type":"if","locations":[{"start":{"line":35,"column":15},"end":{"line":35,"column":15}},{"start":{"line":35,"column":15},"end":{"line":35,"column":15}}]},"17":{"line":36,"type":"if","locations":[{"start":{"line":36,"column":10},"end":{"line":36,"column":10}},{"start":{"line":36,"column":10},"end":{"line":36,"column":10}}]},"18":{"line":40,"type":"if","locations":[{"start":{"line":40,"column":10},"end":{"line":40,"column":10}},{"start":{"line":40,"column":10},"end":{"line":40,"column":10}}]},"19":{"line":44,"type":"if","locations":[{"start":{"line":44,"column":8},"end":{"line":44,"column":8}},{"start":{"line":44,"column":8},"end":{"line":44,"column":8}}]},"20":{"line":49,"type":"cond-expr","locations":[{"start":{"line":49,"column":30},"end":{"line":49,"column":32}},{"start":{"line":49,"column":35},"end":{"line":49,"column":73}}]},"21":{"line":51,"type":"if","locations":[{"start":{"line":51,"column":6},"end":{"line":51,"column":6}},{"start":{"line":51,"column":6},"end":{"line":51,"column":6}}]}}},"/Users/Matt/Work/js-query-string/spec/js-query-error-spec.js":{"path":"/Users/Matt/Work/js-query-string/spec/js-query-error-spec.js","s":{"1":1,"2":1,"3":1,"4":1,"5":0,"6":1,"7":1,"8":1,"9":1,"10":1,"11":1,"12":1,"13":1,"14":1,"15":1,"16":1,"17":0,"18":1,"19":1,"20":1},"b":{},"f":{"1":1,"2":1,"3":0,"4":1,"5":1,"6":1,"7":0},"fnMap":{"1":{"name":"(anonymous_1)","line":3,"loc":{"start":{"line":3,"column":45},"end":{"line":3,"column":57}}},"2":{"name":"(anonymous_2)","line":5,"loc":{"start":{"line":5,"column":46},"end":{"line":5,"column":58}}},"3":{"name":"(anonymous_3)","line":7,"loc":{"start":{"line":7,"column":9},"end":{"line":7,"column":20}}},"4":{"name":"(anonymous_4)","line":13,"loc":{"start":{"line":13,"column":30},"end":{"line":13,"column":42}}},"5":{"name":"(anonymous_5)","line":21,"loc":{"start":{"line":21,"column":34},"end":{"line":21,"column":46}}},"6":{"name":"(anonymous_6)","line":29,"loc":{"start":{"line":29,"column":51},"end":{"line":29,"column":63}}},"7":{"name":"(anonymous_7)","line":32,"loc":{"start":{"line":32,"column":21},"end":{"line":32,"column":33}}}},"statementMap":{"1":{"start":{"line":1,"column":0},"end":{"line":1,"column":41}},"2":{"start":{"line":3,"column":0},"end":{"line":38,"column":3}},"3":{"start":{"line":5,"column":2},"end":{"line":11,"column":5}},"4":{"start":{"line":6,"column":4},"end":{"line":9,"column":6}},"5":{"start":{"line":7,"column":22},"end":{"line":7,"column":50}},"6":{"start":{"line":10,"column":4},"end":{"line":10,"column":75}},"7":{"start":{"line":13,"column":2},"end":{"line":19,"column":5}},"8":{"start":{"line":14,"column":4},"end":{"line":17,"column":6}},"9":{"start":{"line":18,"column":4},"end":{"line":18,"column":85}},"10":{"start":{"line":21,"column":2},"end":{"line":27,"column":5}},"11":{"start":{"line":22,"column":4},"end":{"line":25,"column":6}},"12":{"start":{"line":26,"column":4},"end":{"line":26,"column":90}},"13":{"start":{"line":29,"column":2},"end":{"line":36,"column":5}},"14":{"start":{"line":30,"column":4},"end":{"line":30,"column":26}},"15":{"start":{"line":31,"column":4},"end":{"line":31,"column":23}},"16":{"start":{"line":32,"column":4},"end":{"line":32,"column":66}},"17":{"start":{"line":32,"column":35},"end":{"line":32,"column":63}},"18":{"start":{"line":33,"column":4},"end":{"line":33,"column":75}},"19":{"start":{"line":34,"column":4},"end":{"line":34,"column":76}},"20":{"start":{"line":35,"column":4},"end":{"line":35,"column":76}}},"branchMap":{}}}