TN:
SF:/Users/Matt/Work/js-query-string/jasmine-runner.js
FN:3,(anonymous_1)
FNF:1
FNH:1
FNDA:19,(anonymous_1)
DA:1,1
DA:2,1
DA:3,1
DA:5,1
DA:6,1
DA:7,1
DA:8,1
DA:9,1
LF:8
LH:8
BRF:0
BRH:0
end_of_record
TN:
SF:/Users/Matt/Work/js-query-string/spec/js-query-string-spec.js
FN:3,(anonymous_1)
FN:5,(anonymous_2)
FN:13,(anonymous_3)
FN:22,(anonymous_4)
FN:30,(anonymous_5)
FN:38,(anonymous_6)
FN:52,(anonymous_7)
FNF:7
FNH:7
FNDA:1,(anonymous_1)
FNDA:1,(anonymous_2)
FNDA:1,(anonymous_3)
FNDA:1,(anonymous_4)
FNDA:1,(anonymous_5)
FNDA:1,(anonymous_6)
FNDA:1,(anonymous_7)
DA:1,1
DA:3,1
DA:5,1
DA:6,1
DA:10,1
DA:13,1
DA:14,1
DA:19,1
DA:22,1
DA:23,1
DA:27,1
DA:30,1
DA:31,1
DA:35,1
DA:38,1
DA:39,1
DA:49,1
DA:52,1
DA:53,1
DA:57,1
LF:20
LH:20
BRF:0
BRH:0
end_of_record
TN:
SF:/Users/Matt/Work/js-query-string/lib/index.js
FN:3,(anonymous_1)
FN:3,(anonymous_2)
FN:11,convert
FN:18,(anonymous_4)
FN:58,_merge_options
FN:60,(anonymous_6)
FN:63,(anonymous_7)
FNF:7
FNH:6
FNDA:18,(anonymous_1)
FNDA:0,(anonymous_2)
FNDA:12,convert
FNDA:19,(anonymous_4)
FNDA:9,_merge_options
FNDA:9,(anonymous_6)
FNDA:3,(anonymous_7)
DA:3,18
DA:5,1
DA:12,12
DA:13,9
DA:14,6
DA:16,9
DA:17,9
DA:18,9
DA:19,19
DA:20,19
DA:21,19
DA:22,1
DA:23,1
DA:25,18
DA:26,3
DA:27,15
DA:28,2
DA:29,13
DA:30,4
DA:31,9
DA:32,2
DA:33,7
DA:34,4
DA:35,3
DA:36,1
DA:37,1
DA:40,2
DA:41,2
DA:44,19
DA:45,15
DA:46,15
DA:49,9
DA:51,3
DA:52,3
DA:53,3
DA:59,9
DA:60,9
DA:61,9
DA:63,9
DA:64,3
DA:66,9
LF:41
LH:41
BRDA:3,1,0,1
BRDA:3,1,1,0
BRDA:3,2,0,1
BRDA:3,2,1,1
BRDA:3,3,0,0
BRDA:3,3,1,0
BRDA:3,4,0,0
BRDA:3,4,1,0
BRDA:3,4,2,0
BRDA:12,5,0,9
BRDA:12,5,1,3
BRDA:12,6,0,0
BRDA:12,6,1,12
BRDA:13,7,0,6
BRDA:13,7,1,3
BRDA:21,8,0,1
BRDA:21,8,1,18
BRDA:22,9,0,1
BRDA:22,9,1,0
BRDA:25,10,0,3
BRDA:25,10,1,15
BRDA:27,11,0,2
BRDA:27,11,1,13
BRDA:29,12,0,4
BRDA:29,12,1,9
BRDA:31,13,0,2
BRDA:31,13,1,7
BRDA:33,14,0,4
BRDA:33,14,1,3
BRDA:33,15,0,1
BRDA:33,15,1,6
BRDA:35,16,0,1
BRDA:35,16,1,2
BRDA:36,17,0,1
BRDA:36,17,1,0
BRDA:40,18,0,2
BRDA:40,18,1,0
BRDA:44,19,0,15
BRDA:44,19,1,4
BRDA:49,20,0,1
BRDA:49,20,1,8
BRDA:51,21,0,3
BRDA:51,21,1,0
BRF:43
BRH:32
end_of_record
TN:
SF:/Users/Matt/Work/js-query-string/spec/js-query-error-spec.js
FN:3,(anonymous_1)
FN:5,(anonymous_2)
FN:7,(anonymous_3)
FN:13,(anonymous_4)
FN:21,(anonymous_5)
FN:29,(anonymous_6)
FN:32,(anonymous_7)
FNF:7
FNH:5
FNDA:1,(anonymous_1)
FNDA:1,(anonymous_2)
FNDA:0,(anonymous_3)
FNDA:1,(anonymous_4)
FNDA:1,(anonymous_5)
FNDA:1,(anonymous_6)
FNDA:0,(anonymous_7)
DA:1,1
DA:3,1
DA:5,1
DA:6,1
DA:7,0
DA:10,1
DA:13,1
DA:14,1
DA:18,1
DA:21,1
DA:22,1
DA:26,1
DA:29,1
DA:30,1
DA:31,1
DA:32,1
DA:33,1
DA:34,1
DA:35,1
LF:19
LH:18
BRF:0
BRH:0
end_of_record
